-------------------------------------------------------------------------------
Test set: cucumberOptions.TestRunner
-------------------------------------------------------------------------------
Tests run: 15, Failures: 0, Errors: 6, Skipped: 9, Time elapsed: 0.178 sec <<< FAILURE! - in cucumberOptions.TestRunner
Given Open forgot password screen(|  | Please enter valid email address |)  Time elapsed: 0.003 sec  <<< ERROR!
java.lang.NullPointerException: null
	at java.util.Objects.requireNonNull(Objects.java:203)
	at org.openqa.selenium.support.ui.FluentWait.<init>(FluentWait.java:106)
	at org.openqa.selenium.support.ui.WebDriverWait.<init>(WebDriverWait.java:85)
	at org.openqa.selenium.support.ui.WebDriverWait.<init>(WebDriverWait.java:45)
	at commons.BasePage.waitForElementVisible(BasePage.java:489)
	at pageObjects.LoginPO.clickToForgotPasswordButton(LoginPO.java:34)
	at stepDefinitions.ResetPasswordSteps.openForgotPasswordScreen(ResetPasswordSteps.java:21)
	at ✽.Given Open forgot password screen(resetPasswordScreen.feature:4)

|  | Please enter valid email address |  Time elapsed: 0.003 sec  <<< ERROR!
java.lang.NullPointerException: null
	at java.util.Objects.requireNonNull(Objects.java:203)
	at org.openqa.selenium.support.ui.FluentWait.<init>(FluentWait.java:106)
	at org.openqa.selenium.support.ui.WebDriverWait.<init>(WebDriverWait.java:85)
	at org.openqa.selenium.support.ui.WebDriverWait.<init>(WebDriverWait.java:45)
	at commons.BasePage.waitForElementVisible(BasePage.java:489)
	at pageObjects.LoginPO.clickToForgotPasswordButton(LoginPO.java:34)
	at stepDefinitions.ResetPasswordSteps.openForgotPasswordScreen(ResetPasswordSteps.java:21)
	at ✽.Given Open forgot password screen(resetPasswordScreen.feature:4)

Given Open forgot password screen(| khanh@khanhduong.com | Email not found |)  Time elapsed: 0 sec  <<< ERROR!
java.lang.NullPointerException: null
	at java.util.Objects.requireNonNull(Objects.java:203)
	at org.openqa.selenium.support.ui.FluentWait.<init>(FluentWait.java:106)
	at org.openqa.selenium.support.ui.WebDriverWait.<init>(WebDriverWait.java:85)
	at org.openqa.selenium.support.ui.WebDriverWait.<init>(WebDriverWait.java:45)
	at commons.BasePage.waitForElementVisible(BasePage.java:489)
	at pageObjects.LoginPO.clickToForgotPasswordButton(LoginPO.java:34)
	at stepDefinitions.ResetPasswordSteps.openForgotPasswordScreen(ResetPasswordSteps.java:21)
	at ✽.Given Open forgot password screen(resetPasswordScreen.feature:4)

| khanh@khanhduong.com | Email not found |  Time elapsed: 0.001 sec  <<< ERROR!
java.lang.NullPointerException: null
	at java.util.Objects.requireNonNull(Objects.java:203)
	at org.openqa.selenium.support.ui.FluentWait.<init>(FluentWait.java:106)
	at org.openqa.selenium.support.ui.WebDriverWait.<init>(WebDriverWait.java:85)
	at org.openqa.selenium.support.ui.WebDriverWait.<init>(WebDriverWait.java:45)
	at commons.BasePage.waitForElementVisible(BasePage.java:489)
	at pageObjects.LoginPO.clickToForgotPasswordButton(LoginPO.java:34)
	at stepDefinitions.ResetPasswordSteps.openForgotPasswordScreen(ResetPasswordSteps.java:21)
	at ✽.Given Open forgot password screen(resetPasswordScreen.feature:4)

Given Open forgot password screen(| khanh@khanh | Please enter valid email address |)  Time elapsed: 0 sec  <<< ERROR!
java.lang.NullPointerException: null
	at java.util.Objects.requireNonNull(Objects.java:203)
	at org.openqa.selenium.support.ui.FluentWait.<init>(FluentWait.java:106)
	at org.openqa.selenium.support.ui.WebDriverWait.<init>(WebDriverWait.java:85)
	at org.openqa.selenium.support.ui.WebDriverWait.<init>(WebDriverWait.java:45)
	at commons.BasePage.waitForElementVisible(BasePage.java:489)
	at pageObjects.LoginPO.clickToForgotPasswordButton(LoginPO.java:34)
	at stepDefinitions.ResetPasswordSteps.openForgotPasswordScreen(ResetPasswordSteps.java:21)
	at ✽.Given Open forgot password screen(resetPasswordScreen.feature:4)

| khanh@khanh | Please enter valid email address |  Time elapsed: 0 sec  <<< ERROR!
java.lang.NullPointerException: null
	at java.util.Objects.requireNonNull(Objects.java:203)
	at org.openqa.selenium.support.ui.FluentWait.<init>(FluentWait.java:106)
	at org.openqa.selenium.support.ui.WebDriverWait.<init>(WebDriverWait.java:85)
	at org.openqa.selenium.support.ui.WebDriverWait.<init>(WebDriverWait.java:45)
	at commons.BasePage.waitForElementVisible(BasePage.java:489)
	at pageObjects.LoginPO.clickToForgotPasswordButton(LoginPO.java:34)
	at stepDefinitions.ResetPasswordSteps.openForgotPasswordScreen(ResetPasswordSteps.java:21)
	at ✽.Given Open forgot password screen(resetPasswordScreen.feature:4)

