<?xml version="1.0" encoding="UTF-8"?>
<testsuite name="cucumberOptions.TestRunner" time="0.002" tests="42" errors="0" skipped="0" failures="0">
  <properties>
[...]
</properties>
  <testcase name="Given Open the Canvis webapp" classname="| khanh@2203.com |  |" time="0.001"/>
  <testcase name="When I input to Email address with &quot;khanh@2203.com&quot;" classname="| khanh@2203.com |  |" time="0"/>
  <testcase name="And I input to Password with &quot;&quot;" classname="| khanh@2203.com |  |" time="0"/>
  <testcase name="And I click to SignIn button" classname="| khanh@2203.com |  |" time="0"/>
  <testcase name="Then I verify the error message is displayed" classname="| khanh@2203.com |  |" time="0"/>
  <testcase name="| khanh@2203.com |  |" classname="| khanh@2203.com |  |" time="0"/>
  <testcase name="Given Open the Canvis webapp" classname="|  | 123123123123 |" time="0"/>
  <testcase name="When I input to Email address with &quot;&quot;" classname="|  | 123123123123 |" time="0"/>
  <testcase name="And I input to Password with &quot;123123123123&quot;" classname="|  | 123123123123 |" time="0"/>
  <testcase name="And I click to SignIn button" classname="|  | 123123123123 |" time="0"/>
  <testcase name="Then I verify the error message is displayed" classname="|  | 123123123123 |" time="0"/>
  <testcase name="|  | 123123123123 |" classname="|  | 123123123123 |" time="0"/>
  <testcase name="Given Open the Canvis webapp" classname="|  |  |" time="0"/>
  <testcase name="When I input to Email address with &quot;&quot;" classname="|  |  |" time="0"/>
  <testcase name="And I input to Password with &quot;&quot;" classname="|  |  |" time="0"/>
  <testcase name="And I click to SignIn button" classname="|  |  |" time="0"/>
  <testcase name="Then I verify the error message is displayed" classname="|  |  |" time="0"/>
  <testcase name="|  |  |" classname="|  |  |" time="0"/>
  <testcase name="Given Open the Canvis webapp" classname="| khanh@0409.com | 123123123123 |" time="0"/>
  <testcase name="When I input to Email address with &quot;khanh@0409.com&quot;" classname="| khanh@0409.com | 123123123123 |" time="0"/>
  <testcase name="And I input to Password with &quot;123123123123&quot;" classname="| khanh@0409.com | 123123123123 |" time="0"/>
  <testcase name="And I click to SignIn button" classname="| khanh@0409.com | 123123123123 |" time="0"/>
  <testcase name="Then I verify Project screen" classname="| khanh@0409.com | 123123123123 |" time="0"/>
  <testcase name="| khanh@0409.com | 123123123123 |" classname="| khanh@0409.com | 123123123123 |" time="0"/>
  <testcase name="Given Open Canvis webapp" classname="|  | Please enter valid email address |" time="0"/>
  <testcase name="When I click to Forgot Password button" classname="|  | Please enter valid email address |" time="0"/>
  <testcase name="When I input to Email address in Reset Password Page with &quot;&quot;" classname="|  | Please enter valid email address |" time="0"/>
  <testcase name="And I click to Reset Password button" classname="|  | Please enter valid email address |" time="0"/>
  <testcase name="Then I verify &quot;Please enter valid email address&quot; is displayed" classname="|  | Please enter valid email address |" time="0"/>
  <testcase name="|  | Please enter valid email address |" classname="|  | Please enter valid email address |" time="0"/>
  <testcase name="Given Open Canvis webapp" classname="| khanh@khanhduong.com | Email not found |" time="0"/>
  <testcase name="When I click to Forgot Password button" classname="| khanh@khanhduong.com | Email not found |" time="0"/>
  <testcase name="When I input to Email address in Reset Password Page with &quot;khanh@khanhduong.com&quot;" classname="| khanh@khanhduong.com | Email not found |" time="0"/>
  <testcase name="And I click to Reset Password button" classname="| khanh@khanhduong.com | Email not found |" time="0"/>
  <testcase name="Then I verify &quot;Email not found&quot; is displayed" classname="| khanh@khanhduong.com | Email not found |" time="0"/>
  <testcase name="| khanh@khanhduong.com | Email not found |" classname="| khanh@khanhduong.com | Email not found |" time="0.001"/>
  <testcase name="Given Open Canvis webapp" classname="| khanh@khanh | Please enter valid email address |" time="0"/>
  <testcase name="When I click to Forgot Password button" classname="| khanh@khanh | Please enter valid email address |" time="0"/>
  <testcase name="When I input to Email address in Reset Password Page with &quot;khanh@khanh&quot;" classname="| khanh@khanh | Please enter valid email address |" time="0"/>
  <testcase name="And I click to Reset Password button" classname="| khanh@khanh | Please enter valid email address |" time="0"/>
  <testcase name="Then I verify &quot;Please enter valid email address&quot; is displayed" classname="| khanh@khanh | Please enter valid email address |" time="0"/>
  <testcase name="| khanh@khanh | Please enter valid email address |" classname="| khanh@khanh | Please enter valid email address |" time="0"/>
</testsuite>